15:54:31.090 [ApplicationImpl pooled thread 343] INFO  c.b.l.BrowserStackRunExtension - application
15:54:31.092 [ApplicationImpl pooled thread 343] INFO  com.browserstack.utils.Helpers - null
16:07:05.447 [ApplicationImpl pooled thread 47] INFO  c.b.l.BrowserStackRunExtension - application
16:07:05.447 [ApplicationImpl pooled thread 47] INFO  com.browserstack.utils.Helpers - null
16:07:19.459 [ApplicationImpl pooled thread 45] INFO  c.b.l.BrowserStackRunExtension - application
16:07:19.459 [ApplicationImpl pooled thread 45] INFO  com.browserstack.utils.Helpers - null
16:11:08.732 [ApplicationImpl pooled thread 50] INFO  c.b.l.BrowserStackRunExtension - application
16:11:08.732 [ApplicationImpl pooled thread 50] INFO  com.browserstack.utils.Helpers - null
16:11:18.723 [ApplicationImpl pooled thread 54] INFO  c.b.l.BrowserStackRunExtension - application
16:11:18.723 [ApplicationImpl pooled thread 54] INFO  com.browserstack.utils.Helpers - null
16:11:58.441 [ApplicationImpl pooled thread 51] INFO  c.b.l.BrowserStackRunExtension - application
16:11:58.442 [ApplicationImpl pooled thread 51] INFO  com.browserstack.utils.Helpers - null
16:12:31.878 [ApplicationImpl pooled thread 39] INFO  c.b.l.BrowserStackRunExtension - application
16:12:31.878 [ApplicationImpl pooled thread 39] INFO  com.browserstack.utils.Helpers - null
16:12:39.241 [ApplicationImpl pooled thread 39] INFO  c.b.l.BrowserStackRunExtension - application
16:12:39.241 [ApplicationImpl pooled thread 39] INFO  com.browserstack.utils.Helpers - null
16:12:51.226 [ApplicationImpl pooled thread 45] INFO  c.b.l.BrowserStackRunExtension - application
16:12:51.226 [ApplicationImpl pooled thread 45] INFO  com.browserstack.utils.Helpers - null
16:30:30.555 [ApplicationImpl pooled thread 71] INFO  c.b.l.BrowserStackRunExtension - application
16:30:30.556 [ApplicationImpl pooled thread 71] INFO  com.browserstack.utils.Helpers - null
16:30:51.855 [ApplicationImpl pooled thread 60] INFO  c.b.l.BrowserStackRunExtension - cucumber java
16:30:51.855 [ApplicationImpl pooled thread 60] INFO  com.browserstack.utils.Helpers - null
16:30:51.857 [ApplicationImpl pooled thread 60] INFO  com.browserstack.utils.Helpers - C:/Users/Ali Raza/.m2/repository/com/browserstack/browserstack-java-sdk/1.5.2/browserstack-java-sdk-1.5.2.jar
16:30:51.857 [ApplicationImpl pooled thread 60] INFO  c.b.l.BrowserStackRunExtension - Agent path: C:/Users/Ali Raza/.m2/repository/com/browserstack/browserstack-java-sdk/1.5.2/browserstack-java-sdk-1.5.2.jar
16:30:51.858 [ApplicationImpl pooled thread 60] INFO  c.b.l.BrowserStackRunExtension - Plugin version: v1.1.2
16:32:15.401 [ApplicationImpl pooled thread 75] INFO  c.b.l.BrowserStackRunExtension - cucumber java
16:32:15.401 [ApplicationImpl pooled thread 75] INFO  com.browserstack.utils.Helpers - null
16:32:15.402 [ApplicationImpl pooled thread 75] INFO  com.browserstack.utils.Helpers - C:/Users/Ali Raza/.m2/repository/com/browserstack/browserstack-java-sdk/1.5.2/browserstack-java-sdk-1.5.2.jar
16:32:15.402 [ApplicationImpl pooled thread 75] INFO  c.b.l.BrowserStackRunExtension - Agent path: C:/Users/Ali Raza/.m2/repository/com/browserstack/browserstack-java-sdk/1.5.2/browserstack-java-sdk-1.5.2.jar
16:32:15.402 [ApplicationImpl pooled thread 75] INFO  c.b.l.BrowserStackRunExtension - Plugin version: v1.1.2
16:37:09.843 [ApplicationImpl pooled thread 87] INFO  c.b.l.BrowserStackRunExtension - cucumber java
16:37:09.843 [ApplicationImpl pooled thread 87] INFO  com.browserstack.utils.Helpers - null
16:37:09.844 [ApplicationImpl pooled thread 87] INFO  com.browserstack.utils.Helpers - C:/Users/Ali Raza/.m2/repository/com/browserstack/browserstack-java-sdk/1.5.2/browserstack-java-sdk-1.5.2.jar
16:37:09.844 [ApplicationImpl pooled thread 87] INFO  c.b.l.BrowserStackRunExtension - Agent path: C:/Users/Ali Raza/.m2/repository/com/browserstack/browserstack-java-sdk/1.5.2/browserstack-java-sdk-1.5.2.jar
16:37:09.844 [ApplicationImpl pooled thread 87] INFO  c.b.l.BrowserStackRunExtension - Plugin version: v1.1.2
17:04:33.236 [ApplicationImpl pooled thread 127] INFO  c.b.l.BrowserStackRunExtension - application
17:04:33.236 [ApplicationImpl pooled thread 127] INFO  com.browserstack.utils.Helpers - null
17:07:59.001 [ApplicationImpl pooled thread 131] INFO  c.b.l.BrowserStackRunExtension - application
17:07:59.002 [ApplicationImpl pooled thread 131] INFO  com.browserstack.utils.Helpers - null
17:08:08.979 [ApplicationImpl pooled thread 128] INFO  c.b.l.BrowserStackRunExtension - application
17:08:08.979 [ApplicationImpl pooled thread 128] INFO  com.browserstack.utils.Helpers - null
17:08:25.099 [ApplicationImpl pooled thread 126] INFO  c.b.l.BrowserStackRunExtension - cucumber java
17:08:25.099 [ApplicationImpl pooled thread 126] INFO  com.browserstack.utils.Helpers - null
17:08:25.101 [ApplicationImpl pooled thread 126] INFO  com.browserstack.utils.Helpers - C:/Users/Ali Raza/.m2/repository/com/browserstack/browserstack-java-sdk/1.5.2/browserstack-java-sdk-1.5.2.jar
17:08:25.101 [ApplicationImpl pooled thread 126] INFO  c.b.l.BrowserStackRunExtension - Agent path: C:/Users/Ali Raza/.m2/repository/com/browserstack/browserstack-java-sdk/1.5.2/browserstack-java-sdk-1.5.2.jar
17:08:25.101 [ApplicationImpl pooled thread 126] INFO  c.b.l.BrowserStackRunExtension - Plugin version: v1.1.2
17:16:50.717 [ApplicationImpl pooled thread 142] INFO  c.b.l.BrowserStackRunExtension - cucumber java
17:16:50.718 [ApplicationImpl pooled thread 142] INFO  com.browserstack.utils.Helpers - null
17:16:50.720 [ApplicationImpl pooled thread 142] INFO  com.browserstack.utils.Helpers - C:/Users/Ali Raza/.m2/repository/com/browserstack/browserstack-java-sdk/1.5.2/browserstack-java-sdk-1.5.2.jar
17:16:50.720 [ApplicationImpl pooled thread 142] INFO  c.b.l.BrowserStackRunExtension - Agent path: C:/Users/Ali Raza/.m2/repository/com/browserstack/browserstack-java-sdk/1.5.2/browserstack-java-sdk-1.5.2.jar
17:16:50.720 [ApplicationImpl pooled thread 142] INFO  c.b.l.BrowserStackRunExtension - Plugin version: v1.1.2
17:19:37.215 [ApplicationImpl pooled thread 145] INFO  c.b.l.BrowserStackRunExtension - cucumber java
17:19:37.215 [ApplicationImpl pooled thread 145] INFO  com.browserstack.utils.Helpers - null
17:19:37.217 [ApplicationImpl pooled thread 145] INFO  com.browserstack.utils.Helpers - C:/Users/Ali Raza/.m2/repository/com/browserstack/browserstack-java-sdk/1.5.2/browserstack-java-sdk-1.5.2.jar
17:19:37.218 [ApplicationImpl pooled thread 145] INFO  c.b.l.BrowserStackRunExtension - Agent path: C:/Users/Ali Raza/.m2/repository/com/browserstack/browserstack-java-sdk/1.5.2/browserstack-java-sdk-1.5.2.jar
17:19:37.218 [ApplicationImpl pooled thread 145] INFO  c.b.l.BrowserStackRunExtension - Plugin version: v1.1.2
17:20:27.306 [ApplicationImpl pooled thread 145] INFO  c.b.l.BrowserStackRunExtension - cucumber java
17:20:27.306 [ApplicationImpl pooled thread 145] INFO  com.browserstack.utils.Helpers - null
17:20:27.308 [ApplicationImpl pooled thread 145] INFO  com.browserstack.utils.Helpers - C:/Users/Ali Raza/.m2/repository/com/browserstack/browserstack-java-sdk/1.5.2/browserstack-java-sdk-1.5.2.jar
17:20:27.308 [ApplicationImpl pooled thread 145] INFO  c.b.l.BrowserStackRunExtension - Agent path: C:/Users/Ali Raza/.m2/repository/com/browserstack/browserstack-java-sdk/1.5.2/browserstack-java-sdk-1.5.2.jar
17:20:27.308 [ApplicationImpl pooled thread 145] INFO  c.b.l.BrowserStackRunExtension - Plugin version: v1.1.2
17:29:20.754 [ApplicationImpl pooled thread 161] INFO  c.b.l.BrowserStackRunExtension - cucumber java
17:29:20.754 [ApplicationImpl pooled thread 161] INFO  com.browserstack.utils.Helpers - null
17:29:20.756 [ApplicationImpl pooled thread 161] INFO  com.browserstack.utils.Helpers - C:/Users/Ali Raza/.m2/repository/com/browserstack/browserstack-java-sdk/1.5.2/browserstack-java-sdk-1.5.2.jar
17:29:20.756 [ApplicationImpl pooled thread 161] INFO  c.b.l.BrowserStackRunExtension - Agent path: C:/Users/Ali Raza/.m2/repository/com/browserstack/browserstack-java-sdk/1.5.2/browserstack-java-sdk-1.5.2.jar
17:29:20.756 [ApplicationImpl pooled thread 161] INFO  c.b.l.BrowserStackRunExtension - Plugin version: v1.1.2
17:29:43.392 [ApplicationImpl pooled thread 160] INFO  c.b.l.BrowserStackRunExtension - cucumber java
17:29:43.393 [ApplicationImpl pooled thread 160] INFO  com.browserstack.utils.Helpers - null
17:29:43.395 [ApplicationImpl pooled thread 160] INFO  com.browserstack.utils.Helpers - C:/Users/Ali Raza/.m2/repository/com/browserstack/browserstack-java-sdk/1.5.2/browserstack-java-sdk-1.5.2.jar
17:29:43.395 [ApplicationImpl pooled thread 160] INFO  c.b.l.BrowserStackRunExtension - Agent path: C:/Users/Ali Raza/.m2/repository/com/browserstack/browserstack-java-sdk/1.5.2/browserstack-java-sdk-1.5.2.jar
17:29:43.396 [ApplicationImpl pooled thread 160] INFO  c.b.l.BrowserStackRunExtension - Plugin version: v1.1.2
17:30:32.140 [ApplicationImpl pooled thread 160] INFO  c.b.l.BrowserStackRunExtension - cucumber java
17:30:32.141 [ApplicationImpl pooled thread 160] INFO  com.browserstack.utils.Helpers - null
17:30:32.143 [ApplicationImpl pooled thread 160] INFO  com.browserstack.utils.Helpers - C:/Users/Ali Raza/.m2/repository/com/browserstack/browserstack-java-sdk/1.5.2/browserstack-java-sdk-1.5.2.jar
17:30:32.144 [ApplicationImpl pooled thread 160] INFO  c.b.l.BrowserStackRunExtension - Agent path: C:/Users/Ali Raza/.m2/repository/com/browserstack/browserstack-java-sdk/1.5.2/browserstack-java-sdk-1.5.2.jar
17:30:32.144 [ApplicationImpl pooled thread 160] INFO  c.b.l.BrowserStackRunExtension - Plugin version: v1.1.2
17:31:09.633 [ApplicationImpl pooled thread 156] INFO  c.b.l.BrowserStackRunExtension - cucumber java
17:31:09.633 [ApplicationImpl pooled thread 156] INFO  com.browserstack.utils.Helpers - null
17:31:09.635 [ApplicationImpl pooled thread 156] INFO  com.browserstack.utils.Helpers - C:/Users/Ali Raza/.m2/repository/com/browserstack/browserstack-java-sdk/1.5.2/browserstack-java-sdk-1.5.2.jar
17:31:09.635 [ApplicationImpl pooled thread 156] INFO  c.b.l.BrowserStackRunExtension - Agent path: C:/Users/Ali Raza/.m2/repository/com/browserstack/browserstack-java-sdk/1.5.2/browserstack-java-sdk-1.5.2.jar
17:31:09.635 [ApplicationImpl pooled thread 156] INFO  c.b.l.BrowserStackRunExtension - Plugin version: v1.1.2
17:39:35.570 [ApplicationImpl pooled thread 172] INFO  c.b.l.BrowserStackRunExtension - cucumber java
17:39:35.570 [ApplicationImpl pooled thread 172] INFO  com.browserstack.utils.Helpers - null
17:39:35.572 [ApplicationImpl pooled thread 172] INFO  com.browserstack.utils.Helpers - C:/Users/Ali Raza/.m2/repository/com/browserstack/browserstack-java-sdk/1.5.2/browserstack-java-sdk-1.5.2.jar
17:39:35.572 [ApplicationImpl pooled thread 172] INFO  c.b.l.BrowserStackRunExtension - Agent path: C:/Users/Ali Raza/.m2/repository/com/browserstack/browserstack-java-sdk/1.5.2/browserstack-java-sdk-1.5.2.jar
17:39:35.572 [ApplicationImpl pooled thread 172] INFO  c.b.l.BrowserStackRunExtension - Plugin version: v1.1.2
17:41:35.818 [ApplicationImpl pooled thread 174] INFO  c.b.l.BrowserStackRunExtension - cucumber java
17:41:35.818 [ApplicationImpl pooled thread 174] INFO  com.browserstack.utils.Helpers - null
17:41:35.821 [ApplicationImpl pooled thread 174] INFO  com.browserstack.utils.Helpers - C:/Users/Ali Raza/.m2/repository/com/browserstack/browserstack-java-sdk/1.5.2/browserstack-java-sdk-1.5.2.jar
17:41:35.821 [ApplicationImpl pooled thread 174] INFO  c.b.l.BrowserStackRunExtension - Agent path: C:/Users/Ali Raza/.m2/repository/com/browserstack/browserstack-java-sdk/1.5.2/browserstack-java-sdk-1.5.2.jar
17:41:35.821 [ApplicationImpl pooled thread 174] INFO  c.b.l.BrowserStackRunExtension - Plugin version: v1.1.2
17:43:44.666 [ApplicationImpl pooled thread 183] INFO  c.b.l.BrowserStackRunExtension - cucumber java
17:43:44.666 [ApplicationImpl pooled thread 183] INFO  com.browserstack.utils.Helpers - null
17:43:44.668 [ApplicationImpl pooled thread 183] INFO  com.browserstack.utils.Helpers - C:/Users/Ali Raza/.m2/repository/com/browserstack/browserstack-java-sdk/1.5.2/browserstack-java-sdk-1.5.2.jar
17:43:44.669 [ApplicationImpl pooled thread 183] INFO  c.b.l.BrowserStackRunExtension - Agent path: C:/Users/Ali Raza/.m2/repository/com/browserstack/browserstack-java-sdk/1.5.2/browserstack-java-sdk-1.5.2.jar
17:43:44.669 [ApplicationImpl pooled thread 183] INFO  c.b.l.BrowserStackRunExtension - Plugin version: v1.1.2
17:44:27.264 [ApplicationImpl pooled thread 182] INFO  c.b.l.BrowserStackRunExtension - cucumber java
17:44:27.264 [ApplicationImpl pooled thread 182] INFO  com.browserstack.utils.Helpers - null
17:44:27.267 [ApplicationImpl pooled thread 182] INFO  com.browserstack.utils.Helpers - C:/Users/Ali Raza/.m2/repository/com/browserstack/browserstack-java-sdk/1.5.2/browserstack-java-sdk-1.5.2.jar
17:44:27.267 [ApplicationImpl pooled thread 182] INFO  c.b.l.BrowserStackRunExtension - Agent path: C:/Users/Ali Raza/.m2/repository/com/browserstack/browserstack-java-sdk/1.5.2/browserstack-java-sdk-1.5.2.jar
17:44:27.267 [ApplicationImpl pooled thread 182] INFO  c.b.l.BrowserStackRunExtension - Plugin version: v1.1.2
17:47:14.902 [ApplicationImpl pooled thread 8] INFO  c.b.l.BrowserStackRunExtension - cucumber java
17:47:14.904 [ApplicationImpl pooled thread 8] INFO  com.browserstack.utils.Helpers - null
17:47:14.907 [ApplicationImpl pooled thread 8] INFO  com.browserstack.utils.Helpers - C:/Users/Ali Raza/.m2/repository/com/browserstack/browserstack-java-sdk/1.5.2/browserstack-java-sdk-1.5.2.jar
17:47:14.907 [ApplicationImpl pooled thread 8] INFO  c.b.l.BrowserStackRunExtension - Agent path: C:/Users/Ali Raza/.m2/repository/com/browserstack/browserstack-java-sdk/1.5.2/browserstack-java-sdk-1.5.2.jar
17:47:14.907 [ApplicationImpl pooled thread 8] INFO  c.b.l.BrowserStackRunExtension - Plugin version: v1.1.2
17:48:46.206 [ApplicationImpl pooled thread 20] INFO  c.b.l.BrowserStackRunExtension - cucumber java
17:48:46.206 [ApplicationImpl pooled thread 20] INFO  com.browserstack.utils.Helpers - null
17:48:46.208 [ApplicationImpl pooled thread 20] INFO  com.browserstack.utils.Helpers - C:/Users/Ali Raza/.m2/repository/com/browserstack/browserstack-java-sdk/1.5.2/browserstack-java-sdk-1.5.2.jar
17:48:46.208 [ApplicationImpl pooled thread 20] INFO  c.b.l.BrowserStackRunExtension - Agent path: C:/Users/Ali Raza/.m2/repository/com/browserstack/browserstack-java-sdk/1.5.2/browserstack-java-sdk-1.5.2.jar
17:48:46.208 [ApplicationImpl pooled thread 20] INFO  c.b.l.BrowserStackRunExtension - Plugin version: v1.1.2
17:51:30.940 [ApplicationImpl pooled thread 3] INFO  c.b.l.BrowserStackRunExtension - cucumber java
17:51:30.940 [ApplicationImpl pooled thread 3] INFO  com.browserstack.utils.Helpers - null
17:51:30.943 [ApplicationImpl pooled thread 3] INFO  com.browserstack.utils.Helpers - C:/Users/Ali Raza/.m2/repository/com/browserstack/browserstack-java-sdk/1.5.2/browserstack-java-sdk-1.5.2.jar
17:51:30.943 [ApplicationImpl pooled thread 3] INFO  c.b.l.BrowserStackRunExtension - Agent path: C:/Users/Ali Raza/.m2/repository/com/browserstack/browserstack-java-sdk/1.5.2/browserstack-java-sdk-1.5.2.jar
17:51:30.943 [ApplicationImpl pooled thread 3] INFO  c.b.l.BrowserStackRunExtension - Plugin version: v1.1.2
17:54:26.345 [ApplicationImpl pooled thread 20] INFO  c.b.l.BrowserStackRunExtension - cucumber java
17:54:26.345 [ApplicationImpl pooled thread 20] INFO  com.browserstack.utils.Helpers - null
17:54:26.347 [ApplicationImpl pooled thread 20] INFO  com.browserstack.utils.Helpers - C:/Users/Ali Raza/.m2/repository/com/browserstack/browserstack-java-sdk/1.5.2/browserstack-java-sdk-1.5.2.jar
17:54:26.348 [ApplicationImpl pooled thread 20] INFO  c.b.l.BrowserStackRunExtension - Agent path: C:/Users/Ali Raza/.m2/repository/com/browserstack/browserstack-java-sdk/1.5.2/browserstack-java-sdk-1.5.2.jar
17:54:26.348 [ApplicationImpl pooled thread 20] INFO  c.b.l.BrowserStackRunExtension - Plugin version: v1.1.2
17:56:37.765 [ApplicationImpl pooled thread 3] INFO  c.b.l.BrowserStackRunExtension - cucumber java
17:56:37.765 [ApplicationImpl pooled thread 3] INFO  com.browserstack.utils.Helpers - null
17:56:37.769 [ApplicationImpl pooled thread 3] INFO  com.browserstack.utils.Helpers - C:/Users/Ali Raza/.m2/repository/com/browserstack/browserstack-java-sdk/1.5.2/browserstack-java-sdk-1.5.2.jar
17:56:37.769 [ApplicationImpl pooled thread 3] INFO  c.b.l.BrowserStackRunExtension - Agent path: C:/Users/Ali Raza/.m2/repository/com/browserstack/browserstack-java-sdk/1.5.2/browserstack-java-sdk-1.5.2.jar
17:56:37.769 [ApplicationImpl pooled thread 3] INFO  c.b.l.BrowserStackRunExtension - Plugin version: v1.1.2
